<?xml version="1.0" encoding="UTF-8"?>
<testsuites>
  <testsuite name="SilverAssist\Security\Tests\Unit\GraphQLConfigManagerTest" file="/Users/miguel/Projects/silver-assist-security/tests/Unit/GraphQLConfigManagerTest.php" tests="12" assertions="47" errors="0" warnings="0" failures="0" skipped="0" time="0.030538">
    <testcase name="test_singleton_pattern" class="SilverAssist\Security\Tests\Unit\GraphQLConfigManagerTest" classname="SilverAssist.Security.Tests.Unit.GraphQLConfigManagerTest" file="/Users/miguel/Projects/silver-assist-security/tests/Unit/GraphQLConfigManagerTest.php" line="57" assertions="2" time="0.006436"/>
    <testcase name="test_wpgraphql_availability_detection" class="SilverAssist\Security\Tests\Unit\GraphQLConfigManagerTest" classname="SilverAssist.Security.Tests.Unit.GraphQLConfigManagerTest" file="/Users/miguel/Projects/silver-assist-security/tests/Unit/GraphQLConfigManagerTest.php" line="75" assertions="1" time="0.002637"/>
    <testcase name="test_headless_mode_detection" class="SilverAssist\Security\Tests\Unit\GraphQLConfigManagerTest" classname="SilverAssist.Security.Tests.Unit.GraphQLConfigManagerTest" file="/Users/miguel/Projects/silver-assist-security/tests/Unit/GraphQLConfigManagerTest.php" line="89" assertions="2" time="0.003901"/>
    <testcase name="test_php_execution_timeout" class="SilverAssist\Security\Tests\Unit\GraphQLConfigManagerTest" classname="SilverAssist.Security.Tests.Unit.GraphQLConfigManagerTest" file="/Users/miguel/Projects/silver-assist-security/tests/Unit/GraphQLConfigManagerTest.php" line="103" assertions="3" time="0.002671"/>
    <testcase name="test_timeout_configuration" class="SilverAssist\Security\Tests\Unit\GraphQLConfigManagerTest" classname="SilverAssist.Security.Tests.Unit.GraphQLConfigManagerTest" file="/Users/miguel/Projects/silver-assist-security/tests/Unit/GraphQLConfigManagerTest.php" line="118" assertions="7" time="0.002106"/>
    <testcase name="test_configuration_retrieval" class="SilverAssist\Security\Tests\Unit\GraphQLConfigManagerTest" classname="SilverAssist.Security.Tests.Unit.GraphQLConfigManagerTest" file="/Users/miguel/Projects/silver-assist-security/tests/Unit/GraphQLConfigManagerTest.php" line="137" assertions="9" time="0.001898"/>
    <testcase name="test_security_recommendations" class="SilverAssist\Security\Tests\Unit\GraphQLConfigManagerTest" classname="SilverAssist.Security.Tests.Unit.GraphQLConfigManagerTest" file="/Users/miguel/Projects/silver-assist-security/tests/Unit/GraphQLConfigManagerTest.php" line="158" assertions="4" time="0.001672"/>
    <testcase name="test_settings_display" class="SilverAssist\Security\Tests\Unit\GraphQLConfigManagerTest" classname="SilverAssist.Security.Tests.Unit.GraphQLConfigManagerTest" file="/Users/miguel/Projects/silver-assist-security/tests/Unit/GraphQLConfigManagerTest.php" line="178" assertions="2" time="0.002476"/>
    <testcase name="test_safe_limit_retrieval" class="SilverAssist\Security\Tests\Unit\GraphQLConfigManagerTest" classname="SilverAssist.Security.Tests.Unit.GraphQLConfigManagerTest" file="/Users/miguel/Projects/silver-assist-security/tests/Unit/GraphQLConfigManagerTest.php" line="192" assertions="6" time="0.001766"/>
    <testcase name="test_rate_limiting_configuration" class="SilverAssist\Security\Tests\Unit\GraphQLConfigManagerTest" classname="SilverAssist.Security.Tests.Unit.GraphQLConfigManagerTest" file="/Users/miguel/Projects/silver-assist-security/tests/Unit/GraphQLConfigManagerTest.php" line="213" assertions="4" time="0.001748"/>
    <testcase name="test_integration_status" class="SilverAssist\Security\Tests\Unit\GraphQLConfigManagerTest" classname="SilverAssist.Security.Tests.Unit.GraphQLConfigManagerTest" file="/Users/miguel/Projects/silver-assist-security/tests/Unit/GraphQLConfigManagerTest.php" line="229" assertions="6" time="0.001781"/>
    <testcase name="test_cache_clearing" class="SilverAssist\Security\Tests\Unit\GraphQLConfigManagerTest" classname="SilverAssist.Security.Tests.Unit.GraphQLConfigManagerTest" file="/Users/miguel/Projects/silver-assist-security/tests/Unit/GraphQLConfigManagerTest.php" line="247" assertions="1" time="0.001446"/>
  </testsuite>
</testsuites>
